<?xml version="1.0" encoding="UTF-8"?>
<testng-results skipped="0" failed="0" ignored="0" total="1" passed="1">
  <reporter-output>
  </reporter-output>
  <suite name="Default suite" duration-ms="58" started-at="2018-12-08T05:14:50Z" finished-at="2018-12-08T05:14:51Z">
    <groups>
    </groups>
    <test name="Default test" duration-ms="58" started-at="2018-12-08T05:14:50Z" finished-at="2018-12-08T05:14:51Z">
      <class name="com.mycompany.app.Calling$toGettingData">
        <test-method status="PASS" signature="toInvokeBrowser()[pri:0, instance:com.mycompany.app.Calling$toGettingData@e26948]" name="toInvokeBrowser" is-config="true" duration-ms="14386" started-at="2018-12-08T05:14:36Z" finished-at="2018-12-08T05:14:50Z">
          <reporter-output>
          </reporter-output>
        </test-method> <!-- toInvokeBrowser -->
        <test-method status="PASS" signature="toReadDataFile()[pri:0, instance:com.mycompany.app.Calling$toGettingData@e26948]" name="toReadDataFile" duration-ms="10" started-at="2018-12-08T05:14:50Z" finished-at="2018-12-08T05:14:51Z">
          <reporter-output>
          </reporter-output>
        </test-method> <!-- toReadDataFile -->
      </class> <!-- com.mycompany.app.Calling$toGettingData -->
    </test> <!-- Default test -->
  </suite> <!-- Default suite -->
</testng-results>
